#
# An unexpected error has been detected by Java Runtime Environment:
#
#  EXCEPTION_ACCESS_VIOLATION (0xc0000005) at pc=0x047daec6, pid=5836, tid=5752
#
# Java VM: Java HotSpot(TM) Client VM (11.0-b16 mixed mode, sharing windows-x86)
# Problematic frame:
# C  [atioglx2.dll+0x4baec6]
#
# If you would like to submit a bug report, please visit:
#   http://java.sun.com/webapps/bugreport/crash.jsp
# The crash happened outside the Java Virtual Machine in native code.
# See problematic frame for where to report the bug.
#

---------------  T H R E A D  ---------------

Current thread (0x02ea8800):  JavaThread "J3D-Renderer-1" [_thread_in_native, id=5752, stack(0x081b0000,0x08200000)]

siginfo: ExceptionCode=0xc0000005, reading address 0x00000000

Registers:
EAX=0x00000009, EBX=0x00000000, ECX=0x00000009, EDX=0x00000000
ESP=0x081ff48c, EBP=0x081ff558, ESI=0x00000000, EDI=0x073829e8
EIP=0x047daec6, EFLAGS=0x00010246

Top of Stack: (sp=0x081ff48c)
0x081ff48c:   073829e8 00000000 047db919 07cc38c0
0x081ff49c:   073829e8 07b79ac8 03a60000 00000000
0x081ff4ac:   00000001 00000001 00000000 07b880f8
0x081ff4bc:   07382a10 07bbe490 0000001b 00030000
0x081ff4cc:   08817098 00000001 03a60178 00000000
0x081ff4dc:   07bbe490 00000000 00000002 00000000
0x081ff4ec:   03a60178 00000000 07c5dba0 00000000
0x081ff4fc:   00000005 00000000 00000006 00000000 

Instructions: (pc=0x047daec6)
0x047daeb6:   c1 e1 04 53 8b d9 8d 0c 03 8b 94 8f dc 00 00 00
0x047daec6:   8b 0a 83 c0 01 83 f8 10 56 8b 72 04 73 32 03 d8 


Stack: [0x081b0000,0x08200000],  sp=0x081ff48c,  free space=317k
Native frames: (J=compiled Java code, j=interpreted, Vv=VM code, C=native code)
C  [atioglx2.dll+0x4baec6]

Java frames: (J=compiled Java code, j=interpreted, Vv=VM code)
j  javax.media.j3d.NativePipeline.callDisplayList(JIZ)V+0
j  javax.media.j3d.NativePipeline.callDisplayList(Ljavax/media/j3d/Context;IZ)V+8
j  javax.media.j3d.Canvas3D.callDisplayList(Ljavax/media/j3d/Context;IZ)V+6
j  javax.media.j3d.DisplayListRenderMethod.render(Ljavax/media/j3d/RenderMolecule;Ljavax/media/j3d/Canvas3D;Ljavax/media/j3d/RenderAtomListInfo;I)Z+49
j  javax.media.j3d.RenderMolecule.render(Ljavax/media/j3d/Canvas3D;II)Z+208
j  javax.media.j3d.TextureBin.renderList(Ljavax/media/j3d/Canvas3D;ILjavax/media/j3d/RenderMolecule;)V+63
j  javax.media.j3d.TextureBin.renderList(Ljavax/media/j3d/Canvas3D;ILjava/lang/Object;)V+32
j  javax.media.j3d.TextureBin.render(Ljavax/media/j3d/Canvas3D;Ljava/lang/Object;)V+92
j  javax.media.j3d.TextureBin.render(Ljavax/media/j3d/Canvas3D;)V+6
j  javax.media.j3d.ShaderBin.render(Ljavax/media/j3d/Canvas3D;)V+18
j  javax.media.j3d.AttributeBin.render(Ljavax/media/j3d/Canvas3D;)V+82
j  javax.media.j3d.EnvironmentSet.render(Ljavax/media/j3d/Canvas3D;)V+17
j  javax.media.j3d.LightBin.render(Ljavax/media/j3d/Canvas3D;)V+17
j  javax.media.j3d.RenderBin.renderOpaque(Ljavax/media/j3d/Canvas3D;)V+11
j  javax.media.j3d.Renderer.doWork(J)V+5843
j  javax.media.j3d.J3dThread.run()V+19
v  ~StubRoutines::call_stub

---------------  P R O C E S S  ---------------

Java Threads: ( => current thread )
  0x02f30000 JavaThread "J3D-InputDeviceScheduler-1" [_thread_blocked, id=5008, stack(0x09d40000,0x09d90000)]
  0x02f33400 JavaThread "J3D-SoundSchedulerUpdateThread-1" [_thread_blocked, id=5592, stack(0x09cf0000,0x09d40000)]
  0x02f42400 JavaThread "J3D-RenderStructureUpdateThread-1" [_thread_blocked, id=3172, stack(0x09ca0000,0x09cf0000)]
  0x02f3ec00 JavaThread "J3D-BehaviorScheduler-1" [_thread_blocked, id=5120, stack(0x09b50000,0x09ba0000)]
  0x02f2e400 JavaThread "J3D-TransformStructureUpdateThread-1" [_thread_blocked, id=5736, stack(0x09b00000,0x09b50000)]
  0x02f27c00 JavaThread "J3D-RenderingEnvironmentStructureUpdateThread-1" [_thread_blocked, id=5300, stack(0x09ab0000,0x09b00000)]
  0x02f2d800 JavaThread "J3D-SoundStructureUpdateThread-1" [_thread_blocked, id=5920, stack(0x09a60000,0x09ab0000)]
  0x02f21800 JavaThread "J3D-GeometryStructureUpdateThread-1" [_thread_blocked, id=2012, stack(0x09a10000,0x09a60000)]
  0x02f29c00 JavaThread "J3D-BehaviorStructureUpdateThread-1" [_thread_blocked, id=4260, stack(0x085c0000,0x08610000)]
  0x02f24800 JavaThread "D3D Screen Updater" daemon [_thread_blocked, id=5084, stack(0x08450000,0x084a0000)]
=>0x02ea8800 JavaThread "J3D-Renderer-1" [_thread_in_native, id=5752, stack(0x081b0000,0x08200000)]
  0x02eb1000 JavaThread "J3D-MasterControl-1" [_thread_blocked, id=5748, stack(0x08160000,0x081b0000)]
  0x02e9a800 JavaThread "J3D-NotificationThread" [_thread_blocked, id=1248, stack(0x08110000,0x08160000)]
  0x02e92c00 JavaThread "J3D-TimerThread" [_thread_blocked, id=4248, stack(0x080c0000,0x08110000)]
  0x02b3f000 JavaThread "J3D-RenderingAttributesStructureUpdateThread" [_thread_blocked, id=3668, stack(0x08070000,0x080c0000)]
  0x00316800 JavaThread "DestroyJavaVM" [_thread_blocked, id=5356, stack(0x008e0000,0x00930000)]
  0x02e6ec00 JavaThread "AWT-EventQueue-0" [_thread_blocked, id=2096, stack(0x03220000,0x03270000)]
  0x02e7c000 JavaThread "AWT-Windows" daemon [_thread_in_native, id=3604, stack(0x03180000,0x031d0000)]
  0x02e7ac00 JavaThread "AWT-Shutdown" [_thread_blocked, id=5612, stack(0x03130000,0x03180000)]
  0x02e76400 JavaThread "Java2D Disposer" daemon [_thread_blocked, id=5264, stack(0x030e0000,0x03130000)]
  0x02b0b400 JavaThread "Low Memory Detector" daemon [_thread_blocked, id=3808, stack(0x02d80000,0x02dd0000)]
  0x02b05000 JavaThread "CompilerThread0" daemon [_thread_blocked, id=5608, stack(0x02d30000,0x02d80000)]
  0x02b03800 JavaThread "Attach Listener" daemon [_thread_blocked, id=2416, stack(0x02ce0000,0x02d30000)]
  0x02b02400 JavaThread "Signal Dispatcher" daemon [_thread_blocked, id=524, stack(0x02c90000,0x02ce0000)]
  0x02ac3c00 JavaThread "Finalizer" daemon [_thread_blocked, id=4404, stack(0x02c40000,0x02c90000)]
  0x02abf000 JavaThread "Reference Handler" daemon [_thread_blocked, id=5164, stack(0x02bf0000,0x02c40000)]

Other Threads:
  0x02abd800 VMThread [stack: 0x02ba0000,0x02bf0000] [id=1964]
  0x02b0d400 WatcherThread [stack: 0x02dd0000,0x02e20000] [id=5856]

VM state:not at safepoint (normal execution)

VM Mutex/Monitor currently owned by a thread: None

Heap
 def new generation   total 960K, used 541K [0x229d0000, 0x22ad0000, 0x22eb0000)
  eden space 896K,  60% used [0x229d0000, 0x22a57488, 0x22ab0000)
  from space 64K,   0% used [0x22ab0000, 0x22ab0000, 0x22ac0000)
  to   space 64K,   0% used [0x22ac0000, 0x22ac0000, 0x22ad0000)
 tenured generation   total 5240K, used 3141K [0x22eb0000, 0x233ce000, 0x269d0000)
   the space 5240K,  59% used [0x22eb0000, 0x231c16f0, 0x231c1800, 0x233ce000)
 compacting perm gen  total 12288K, used 4864K [0x269d0000, 0x275d0000, 0x2a9d0000)
   the space 12288K,  39% used [0x269d0000, 0x26e901b8, 0x26e90200, 0x275d0000)
    ro space 8192K,  67% used [0x2a9d0000, 0x2af32d98, 0x2af32e00, 0x2b1d0000)
    rw space 12288K,  53% used [0x2b1d0000, 0x2b840640, 0x2b840800, 0x2bdd0000)

Dynamic libraries:
0x00400000 - 0x00424000 	C:\Program Files\Java\jdk1.6.0_11\jre\bin\java.exe
0x7c900000 - 0x7c9b4000 	C:\WINDOWS\system32\ntdll.dll
0x7c800000 - 0x7c8fd000 	C:\WINDOWS\system32\kernel32.dll
0x77dc0000 - 0x77e6c000 	C:\WINDOWS\system32\ADVAPI32.dll
0x77e70000 - 0x77f02000 	C:\WINDOWS\system32\RPCRT4.dll
0x77fe0000 - 0x77ff1000 	C:\WINDOWS\system32\Secur32.dll
0x7c340000 - 0x7c396000 	C:\Program Files\Java\jdk1.6.0_11\jre\bin\msvcr71.dll
0x6d8b0000 - 0x6db06000 	C:\Program Files\Java\jdk1.6.0_11\jre\bin\client\jvm.dll
0x7e360000 - 0x7e3f1000 	C:\WINDOWS\system32\USER32.dll
0x77f10000 - 0x77f59000 	C:\WINDOWS\system32\GDI32.dll
0x76b20000 - 0x76b4e000 	C:\WINDOWS\system32\WINMM.dll
0x76360000 - 0x7637d000 	C:\WINDOWS\system32\IMM32.DLL
0x6d330000 - 0x6d338000 	C:\Program Files\Java\jdk1.6.0_11\jre\bin\hpi.dll
0x76be0000 - 0x76beb000 	C:\WINDOWS\system32\PSAPI.DLL
0x6d860000 - 0x6d86c000 	C:\Program Files\Java\jdk1.6.0_11\jre\bin\verify.dll
0x6d3d0000 - 0x6d3ef000 	C:\Program Files\Java\jdk1.6.0_11\jre\bin\java.dll
0x6d8a0000 - 0x6d8af000 	C:\Program Files\Java\jdk1.6.0_11\jre\bin\zip.dll
0x6d0b0000 - 0x6d1e8000 	C:\Program Files\Java\jdk1.6.0_11\jre\bin\awt.dll
0x72f90000 - 0x72fb6000 	C:\WINDOWS\system32\WINSPOOL.DRV
0x77c00000 - 0x77c58000 	C:\WINDOWS\system32\msvcrt.dll
0x774d0000 - 0x7760d000 	C:\WINDOWS\system32\ole32.dll
0x305e0000 - 0x305f6000 	C:\Program Files\Kaspersky Lab\Kaspersky Anti-Virus 7.0\miscr3.dll
0x77f60000 - 0x77fd6000 	C:\WINDOWS\system32\SHLWAPI.dll
0x773c0000 - 0x774c3000 	C:\WINDOWS\WinSxS\x86_Microsoft.Windows.Common-Controls_6595b64144ccf1df_6.0.2600.5512_x-ww_35d4ce83\comctl32.dll
0x30480000 - 0x3048e000 	C:\Program Files\Kaspersky Lab\Kaspersky Anti-Virus 7.0\fssync.dll
0x78130000 - 0x781cb000 	C:\WINDOWS\WinSxS\x86_Microsoft.VC80.CRT_1fc8b3b9a1e18e3b_8.0.50727.3053_x-ww_b80fa8ca\MSVCR80.dll
0x5b1d0000 - 0x5b208000 	C:\WINDOWS\system32\uxtheme.dll
0x746d0000 - 0x7471c000 	C:\WINDOWS\system32\MSCTF.dll
0x75180000 - 0x751ae000 	C:\WINDOWS\system32\msctfime.ime
0x6d2d0000 - 0x6d324000 	C:\Program Files\Java\jdk1.6.0_11\jre\bin\fontmanager.dll
0x4fd50000 - 0x4fef6000 	C:\WINDOWS\system32\d3d9.dll
0x6ded0000 - 0x6ded6000 	C:\WINDOWS\system32\d3d8thk.dll
0x77bf0000 - 0x77bf8000 	C:\WINDOWS\system32\VERSION.dll
0x7c9c0000 - 0x7d1de000 	C:\WINDOWS\system32\shell32.dll
0x10000000 - 0x1000e000 	C:\Program Files\Java\jdk1.6.0_11\jre\bin\j3dcore-ogl-chk.dll
0x5f190000 - 0x5f25c000 	C:\WINDOWS\system32\OPENGL32.dll
0x5c8f0000 - 0x5c911000 	C:\WINDOWS\system32\GLU32.dll
0x736f0000 - 0x7373b000 	C:\WINDOWS\system32\DDRAW.dll
0x73b50000 - 0x73b56000 	C:\WINDOWS\system32\DCIMAN32.dll
0x69000000 - 0x6953d000 	C:\WINDOWS\system32\atioglxx.dll
0x04320000 - 0x04d3a000 	C:\WINDOWS\system32\atioglx2.dll
0x71a50000 - 0x71a67000 	C:\WINDOWS\system32\WS2_32.dll
0x71a40000 - 0x71a48000 	C:\WINDOWS\system32\WS2HELP.dll
0x6d400000 - 0x6d406000 	C:\Program Files\Java\jdk1.6.0_11\jre\bin\jawt.dll
0x08040000 - 0x08069000 	C:\Program Files\Java\jdk1.6.0_11\jre\bin\j3dcore-ogl.dll
0x68000000 - 0x68036000 	C:\WINDOWS\system32\rsaenh.dll
0x769a0000 - 0x76a55000 	C:\WINDOWS\system32\USERENV.dll
0x6ff40000 - 0x6ff95000 	C:\WINDOWS\system32\netapi32.dll
0x6d6c0000 - 0x6d6d3000 	C:\Program Files\Java\jdk1.6.0_11\jre\bin\net.dll
0x719f0000 - 0x71a30000 	C:\WINDOWS\System32\mswsock.dll
0x76f10000 - 0x76f37000 	C:\WINDOWS\system32\DNSAPI.dll
0x30460000 - 0x3047b000 	C:\Program Files\Kaspersky Lab\Kaspersky Anti-Virus 7.0\dnsq.dll
0x76fa0000 - 0x76fa8000 	C:\WINDOWS\System32\winrnr.dll
0x76f50000 - 0x76f7d000 	C:\WINDOWS\system32\WLDAP32.dll
0x16080000 - 0x16099000 	C:\Program Files\Bonjour\mdnsNSP.dll
0x76d50000 - 0x76d69000 	C:\WINDOWS\system32\Iphlpapi.dll
0x76fb0000 - 0x76fb6000 	C:\WINDOWS\system32\rasadhlp.dll
0x6d500000 - 0x6d524000 	C:\Program Files\Java\jdk1.6.0_11\jre\bin\jpeg.dll
0x6d210000 - 0x6d23f000 	C:\Program Files\Java\jdk1.6.0_11\jre\bin\cmm.dll
0x083b0000 - 0x083b6000 	C:\WINDOWS\system32\ctagent.dll
0x6d6e0000 - 0x6d6e9000 	C:\Program Files\Java\jdk1.6.0_11\jre\bin\nio.dll

VM Arguments:
jvm_args: -Djava.library.path=C:\Documents and Settings\Marcin\Moje dokumenty\dydaktyla\Netbeans\Przyklady\j3d-examples-1_5_2-src\j3d-core\build\default\debug\native 
java_command: org.jdesktop.j3d.examples.dot3.Dot3Demo
Launcher Type: SUN_STANDARD

Environment Variables:
CLASSPATH=.;C:\Program Files\Java\jre1.6.0_02\lib\ext\QTJava.zip
PATH=C:\WINDOWS\system32;C:\WINDOWS;C:\WINDOWS\System32\Wbem;C:\Program Files\Intel\DMIX;C:\Program Files\ATI Technologies\ATI.ACE\Core-Static;C:\Program Files\Common Files\Adobe\AGL;C:\Program Files\QuickTime\QTSystem\;C:\Program Files\Smart Projects\IsoBuster;C:\Program Files\Common Files\Ahead\Lib\
USERNAME=Marcin
OS=Windows_NT
PROCESSOR_IDENTIFIER=x86 Family 15 Model 3 Stepping 3, GenuineIntel



---------------  S Y S T E M  ---------------

OS: Windows XP Build 2600 Dodatek Service Pack 3

CPU:total 2 (1 cores per cpu, 2 threads per core) family 15 model 3 stepping 3, cmov, cx8, fxsr, mmx, sse, sse2, sse3, ht

Memory: 4k page, physical 2097151k(2097151k free), swap 4194303k(4150628k free)

vm_info: Java HotSpot(TM) Client VM (11.0-b16) for windows-x86 JRE (1.6.0_11-b03), built on Nov 10 2008 02:15:12 by "java_re" with MS VC++ 7.1

time: Sun Apr 19 22:02:30 2009
elapsed time: 4 seconds

